<?xml version="1.0" encoding="UTF-8"?>
<testsuite name="ReadabilityTest" tests="1" skipped="0" failures="0" errors="0" timestamp="2020-06-10T22:21:34" hostname="Kamils-MBP" time="0.243">
  <properties/>
  <testcase name="start" classname="ReadabilityTest" time="0.243"/>
  <system-out><![CDATA[?[1;31m
Start test 1?[0m
Words: 108
Sentences: 6
Characters: 580
Syllables: 193
Polysyllables: 25
Enter the score you want to calculate (ARI, FK, SMOG, CL, all): 
> all
Automated Readability Index: 12.86 (about 24 year olds).
Flesch–Kincaid readability tests: 12.52 (about 24 year olds).
Simple Measure of Gobbledygook: 14.79 (about 25 year olds).
Coleman–Liau index: 14.13 (about 25 year olds).

This text should be understood in average by 24.50 year olds.?[1;31m
Start test 2?[0m
Words: 137
Sentences: 14
Characters: 687
Syllables: 205
Polysyllables: 20
Enter the score you want to calculate (ARI, FK, SMOG, CL, all): 
> all
Automated Readability Index: 7.08 (about 14 year olds).
Flesch–Kincaid readability tests: 5.88 (about 12 year olds).
Simple Measure of Gobbledygook: 9.96 (about 16 year olds).
Coleman–Liau index: 10.66 (about 17 year olds).

This text should be understood in average by 14.75 year olds.?[1;31m
Start test 3?[0m
Words: 180
Sentences: 13
Characters: 982
Syllables: 302
Polysyllables: 38
Enter the score you want to calculate (ARI, FK, SMOG, CL, all): 
> all
Automated Readability Index: 11.19 (about 18 year olds).
Flesch–Kincaid readability tests: 9.61 (about 16 year olds).
Simple Measure of Gobbledygook: 12.90 (about 24 year olds).
Coleman–Liau index: 14.14 (about 25 year olds).

This text should be understood in average by 20.75 year olds.]]></system-out>
  <system-err><![CDATA[]]></system-err>
</testsuite>
